2024-08-17 22:28:02,442 - INFO - Connected (version 2.0, client OpenSSH_8.9p1)
2024-08-17 22:28:02,677 - INFO - Authentication (publickey) failed.
2024-08-17 22:28:02,750 - INFO - Authentication (password) successful!
2024-08-17 22:28:02,750 - INFO - SSH connection established using password authentication.
2024-08-17 22:28:02,812 - INFO - Connected (version 2.0, client OpenSSH_8.9p1)
2024-08-17 22:28:03,008 - INFO - Authentication (publickey) failed.
2024-08-17 22:28:03,076 - INFO - Authentication (password) successful!
2024-08-17 22:28:03,076 - INFO - SSH connection established using password authentication.
2024-08-17 22:28:03,076 - INFO - SSH connection established for track and monitor access check.
2024-08-17 22:28:03,619 - INFO - SSH connection established for security policy check.
2024-08-17 22:28:03,865 - INFO - SSH connection established to retrieve firewall rules.
2024-08-17 22:28:04,370 - INFO - SSH connection established for default passwords check.
2024-08-17 22:28:04,944 - INFO - Connected (version 2.0, client OpenSSH_8.9p1)
2024-08-17 22:28:05,153 - INFO - Authentication (publickey) failed.
2024-08-17 22:28:05,223 - INFO - Authentication (password) successful!
2024-08-17 22:28:05,223 - INFO - SSH connection established using password authentication.
2024-08-17 22:28:05,223 - INFO - SSH connection established for encryption check.
2024-08-17 22:28:05,565 - INFO - Connected (version 2.0, client OpenSSH_8.9p1)
2024-08-17 22:28:05,723 - INFO - Authentication (publickey) failed.
2024-08-17 22:28:05,776 - INFO - Authentication (password) successful!
2024-08-17 22:28:05,778 - INFO - SSH connection established using password authentication.
2024-08-17 22:28:05,778 - INFO - SSH connection established for network monitoring check.
2024-08-17 22:28:06,093 - INFO - Compliance check completed.
